<?xml version="1.0" encoding="UTF-8"?>
<!-- Generated by org.testng.reporters.JUnitReportReporter -->
<testsuite hostname="DESKTOP-SNQQ0D2" failures="0" tests="4" name="api.test.Tests" time="1.999" errors="0" timestamp="2024-04-16T15:25:11 IST" skipped="0">
  <testcase classname="api.test.Tests" name="testPostRequest" time="1.850"/>
  <testcase classname="api.test.Tests" name="testGetRequest" time="0.061"/>
  <testcase classname="api.test.Tests" name="testPutRequest" time="0.042"/>
  <testcase classname="api.test.Tests" name="testDelete" time="0.046"/>
</testsuite> <!-- api.test.Tests -->
